[2017-06-04 02:21:38] main.INFO: Cache file with merged layout: LAYOUT_frontend_STORE1_210dd5b90d77a43040df76f9a5251df7f and handles default, seller_account_newproduct: Please correct the XML data and try again.  [] []
[2017-06-04 02:21:38] main.INFO: Cache file with merged layout: LAYOUT_frontend_STORE1_2a7ccd8094436548b564a588f6303121c and handles 2columns-left: Please correct the XML data and try again.  [] []
[2017-06-04 02:21:38] main.INFO: Cache file with merged layout: LAYOUT_frontend_STORE1_26f1b068ec7ccf4878f9284dd1137afd1 and handles catalog_product_prices: Please correct the XML data and try again.  [] []
[2017-06-04 02:23:37] main.INFO: Cache file with merged layout: LAYOUT_frontend_STORE1_210dd5b90d77a43040df76f9a5251df7f and handles default, seller_account_newproduct: Please correct the XML data and try again.  [] []
[2017-06-04 02:23:37] main.INFO: Cache file with merged layout: LAYOUT_frontend_STORE1_2a7ccd8094436548b564a588f6303121c and handles 2columns-left: Please correct the XML data and try again.  [] []
[2017-06-04 02:23:37] main.INFO: Cache file with merged layout: LAYOUT_frontend_STORE1_26f1b068ec7ccf4878f9284dd1137afd1 and handles catalog_product_prices: Please correct the XML data and try again.  [] []
[2017-06-04 02:24:40] main.INFO: Cache file with merged layout: LAYOUT_frontend_STORE1_210dd5b90d77a43040df76f9a5251df7f and handles default, seller_account_newproduct: Please correct the XML data and try again.  [] []
[2017-06-04 02:24:40] main.INFO: Cache file with merged layout: LAYOUT_frontend_STORE1_2a7ccd8094436548b564a588f6303121c and handles 2columns-left: Please correct the XML data and try again.  [] []
[2017-06-04 02:24:40] main.INFO: Cache file with merged layout: LAYOUT_frontend_STORE1_26f1b068ec7ccf4878f9284dd1137afd1 and handles catalog_product_prices: Please correct the XML data and try again.  [] []
[2017-06-04 02:29:32] main.INFO: Cache file with merged layout: LAYOUT_frontend_STORE1_210dd5b90d77a43040df76f9a5251df7f and handles default, seller_account_newproduct: Please correct the XML data and try again.  [] []
[2017-06-04 02:29:32] main.INFO: Cache file with merged layout: LAYOUT_frontend_STORE1_2a7ccd8094436548b564a588f6303121c and handles 2columns-left: Please correct the XML data and try again.  [] []
[2017-06-04 02:29:32] main.INFO: Cache file with merged layout: LAYOUT_frontend_STORE1_26f1b068ec7ccf4878f9284dd1137afd1 and handles catalog_product_prices: Please correct the XML data and try again.  [] []
[2017-06-04 02:31:41] main.INFO: Cache file with merged layout: LAYOUT_frontend_STORE1_210dd5b90d77a43040df76f9a5251df7f and handles default, seller_account_newproduct: Please correct the XML data and try again.  [] []
[2017-06-04 02:31:41] main.INFO: Cache file with merged layout: LAYOUT_frontend_STORE1_2a7ccd8094436548b564a588f6303121c and handles 2columns-left: Please correct the XML data and try again.  [] []
[2017-06-04 02:31:41] main.INFO: Cache file with merged layout: LAYOUT_frontend_STORE1_26f1b068ec7ccf4878f9284dd1137afd1 and handles catalog_product_prices: Please correct the XML data and try again.  [] []
[2017-06-04 02:33:25] main.INFO: Cache file with merged layout: LAYOUT_frontend_STORE1_210dd5b90d77a43040df76f9a5251df7f and handles default, seller_account_newproduct: Please correct the XML data and try again.  [] []
[2017-06-04 02:33:25] main.INFO: Cache file with merged layout: LAYOUT_frontend_STORE1_2a7ccd8094436548b564a588f6303121c and handles 2columns-left: Please correct the XML data and try again.  [] []
[2017-06-04 02:33:26] main.INFO: Cache file with merged layout: LAYOUT_frontend_STORE1_26f1b068ec7ccf4878f9284dd1137afd1 and handles catalog_product_prices: Please correct the XML data and try again.  [] []
[2017-06-04 02:49:25] main.INFO: Theme layout update file '/var/www/html/MercadoVirtual/app/code/Ptaang/Seller/view/frontend/layout/seller_account_newproduct.xml' is not valid.
Opening and ending tag mismatch: block line 20 and referenceContainer
 Line: 53
Opening and ending tag mismatch: referenceContainer line 19 and body
 Line: 54
Opening and ending tag mismatch: body line 10 and page
 Line: 55
Premature end of data in tag page line 8
 Line: 56 [] []
[2017-06-04 02:49:25] main.INFO: Cache file with merged layout: LAYOUT_frontend_STORE1_210dd5b90d77a43040df76f9a5251df7f and handles default, seller_account_newproduct: Please correct the XML data and try again.  [] []
[2017-06-04 02:49:25] main.INFO: Cache file with merged layout: LAYOUT_frontend_STORE1_2cf9ab1b1723bedc1dcd665a812b00335 and handles admin-1column: Please correct the XML data and try again.  [] []
[2017-06-04 02:49:25] main.CRITICAL: Broken reference: the 'header.panel.wrapper' element cannot be added as child to 'header.container', because the latter doesn't exist [] []
[2017-06-04 02:49:25] main.CRITICAL: Broken reference: the 'head.components' element cannot be added as child to 'after.body.start', because the latter doesn't exist [] []
[2017-06-04 02:49:25] main.CRITICAL: Broken reference: the 'requirejs-config' element cannot be added as child to 'after.body.start', because the latter doesn't exist [] []
[2017-06-04 02:49:25] main.CRITICAL: Broken reference: the 'translate-config' element cannot be added as child to 'after.body.start', because the latter doesn't exist [] []
[2017-06-04 02:49:25] main.CRITICAL: Broken reference: the 'translate' element cannot be added as child to 'after.body.start', because the latter doesn't exist [] []
[2017-06-04 02:49:25] main.CRITICAL: Broken reference: the 'js_cookies' element cannot be added as child to 'after.body.start', because the latter doesn't exist [] []
[2017-06-04 02:49:25] main.CRITICAL: Broken reference: the 'global_notices' element cannot be added as child to 'after.body.start', because the latter doesn't exist [] []
[2017-06-04 02:49:25] main.CRITICAL: Broken reference: the 'skip_to_content.target' element cannot be added as child to 'main.content', because the latter doesn't exist [] []
[2017-06-04 02:49:25] main.CRITICAL: Broken reference: the 'header-wrapper' element cannot be added as child to 'header.container', because the latter doesn't exist [] []
[2017-06-04 02:49:25] main.CRITICAL: Broken reference: the 'navigation.sections' element cannot be added as child to 'page.top', because the latter doesn't exist [] []
[2017-06-04 02:49:25] main.CRITICAL: Broken reference: the 'top.container' element cannot be added as child to 'page.top', because the latter doesn't exist [] []
[2017-06-04 02:49:25] main.CRITICAL: Broken reference: the 'breadcrumbs' element cannot be added as child to 'page.top', because the latter doesn't exist [] []
[2017-06-04 02:49:25] main.CRITICAL: Broken reference: the 'page.main.title' element cannot be added as child to 'columns.top', because the latter doesn't exist [] []
[2017-06-04 02:49:25] main.CRITICAL: Broken reference: the 'page.messages' element cannot be added as child to 'columns.top', because the latter doesn't exist [] []
[2017-06-04 02:49:25] main.CRITICAL: Broken reference: the 'content.top' element cannot be added as child to 'main', because the latter doesn't exist [] []
[2017-06-04 02:49:25] main.CRITICAL: Broken reference: the 'content' element cannot be added as child to 'main', because the latter doesn't exist [] []
[2017-06-04 02:49:25] main.CRITICAL: Broken reference: the 'content.aside' element cannot be added as child to 'main', because the latter doesn't exist [] []
[2017-06-04 02:49:25] main.CRITICAL: Broken reference: the 'content.bottom' element cannot be added as child to 'main', because the latter doesn't exist [] []
[2017-06-04 02:49:25] main.CRITICAL: Broken reference: the 'page.bottom' element cannot be added as child to 'page.bottom.container', because the latter doesn't exist [] []
[2017-06-04 02:49:25] main.CRITICAL: Broken reference: the 'footer' element cannot be added as child to 'footer-container', because the latter doesn't exist [] []
[2017-06-04 02:49:25] main.CRITICAL: Broken reference: the 'absolute_footer' element cannot be added as child to 'before.body.end', because the latter doesn't exist [] []
[2017-06-04 02:49:25] main.CRITICAL: Broken reference: the 'catalog.compare.sidebar' element cannot be added as child to 'sidebar.additional', because the latter doesn't exist [] []
[2017-06-04 02:49:25] main.CRITICAL: Broken reference: the 'cookie_notices' element cannot be added as child to 'after.body.start', because the latter doesn't exist [] []
[2017-06-04 02:49:25] main.CRITICAL: Broken reference: the 'sale.reorder.sidebar' element cannot be added as child to 'sidebar.additional', because the latter doesn't exist [] []
[2017-06-04 02:49:25] main.CRITICAL: Broken reference: the 'google_analytics' element cannot be added as child to 'after.body.start', because the latter doesn't exist [] []
[2017-06-04 02:49:25] main.CRITICAL: Broken reference: the 'logger' element cannot be added as child to 'after.body.start', because the latter doesn't exist [] []
[2017-06-04 02:49:25] main.CRITICAL: Broken reference: the 'paypal.express-in-context.component' element cannot be added as child to 'after.body.start', because the latter doesn't exist [] []
[2017-06-04 02:49:25] main.CRITICAL: Broken reference: the 'wishlist_sidebar' element cannot be added as child to 'sidebar.additional', because the latter doesn't exist [] []
[2017-06-04 02:49:25] main.CRITICAL: Broken reference: the 'header.panel.wrapper' tries to reorder itself towards '', but their parents are different: 'header.container' and '' respectively. [] []
[2017-06-04 02:49:25] main.CRITICAL: Broken reference: the 'skip_to_content.target' tries to reorder itself towards '', but their parents are different: 'main.content' and '' respectively. [] []
[2017-06-04 02:49:25] main.CRITICAL: Broken reference: the 'navigation.sections' tries to reorder itself towards '', but their parents are different: 'page.top' and '' respectively. [] []
[2017-06-04 02:49:25] main.CRITICAL: Broken reference: the 'cookie_notices' tries to reorder itself towards 'global_notices', but their parents are different: 'after.body.start' and '' respectively. [] []
[2017-06-04 02:49:25] main.CRITICAL: Broken reference: No element found with ID 'before.body.end'. [] []
[2017-06-04 02:49:25] main.INFO: Cache file with merged layout: LAYOUT_frontend_STORE1_26f1b068ec7ccf4878f9284dd1137afd1 and handles catalog_product_prices: Please correct the XML data and try again.  [] []
[2017-06-04 02:50:06] main.INFO: Cache file with merged layout: LAYOUT_frontend_STORE1_2cf9ab1b1723bedc1dcd665a812b00335 and handles admin-1column: Please correct the XML data and try again.  [] []
[2017-06-04 02:50:06] main.CRITICAL: Broken reference: the 'header.panel.wrapper' element cannot be added as child to 'header.container', because the latter doesn't exist [] []
[2017-06-04 02:50:06] main.CRITICAL: Broken reference: the 'head.components' element cannot be added as child to 'after.body.start', because the latter doesn't exist [] []
[2017-06-04 02:50:06] main.CRITICAL: Broken reference: the 'requirejs-config' element cannot be added as child to 'after.body.start', because the latter doesn't exist [] []
[2017-06-04 02:50:06] main.CRITICAL: Broken reference: the 'translate-config' element cannot be added as child to 'after.body.start', because the latter doesn't exist [] []
[2017-06-04 02:50:06] main.CRITICAL: Broken reference: the 'translate' element cannot be added as child to 'after.body.start', because the latter doesn't exist [] []
[2017-06-04 02:50:06] main.CRITICAL: Broken reference: the 'js_cookies' element cannot be added as child to 'after.body.start', because the latter doesn't exist [] []
[2017-06-04 02:50:06] main.CRITICAL: Broken reference: the 'global_notices' element cannot be added as child to 'after.body.start', because the latter doesn't exist [] []
[2017-06-04 02:50:06] main.CRITICAL: Broken reference: the 'skip_to_content.target' element cannot be added as child to 'main.content', because the latter doesn't exist [] []
[2017-06-04 02:50:06] main.CRITICAL: Broken reference: the 'header-wrapper' element cannot be added as child to 'header.container', because the latter doesn't exist [] []
[2017-06-04 02:50:06] main.CRITICAL: Broken reference: the 'navigation.sections' element cannot be added as child to 'page.top', because the latter doesn't exist [] []
[2017-06-04 02:50:06] main.CRITICAL: Broken reference: the 'top.container' element cannot be added as child to 'page.top', because the latter doesn't exist [] []
[2017-06-04 02:50:06] main.CRITICAL: Broken reference: the 'breadcrumbs' element cannot be added as child to 'page.top', because the latter doesn't exist [] []
[2017-06-04 02:50:06] main.CRITICAL: Broken reference: the 'page.main.title' element cannot be added as child to 'columns.top', because the latter doesn't exist [] []
[2017-06-04 02:50:06] main.CRITICAL: Broken reference: the 'page.messages' element cannot be added as child to 'columns.top', because the latter doesn't exist [] []
[2017-06-04 02:50:06] main.CRITICAL: Broken reference: the 'content.top' element cannot be added as child to 'main', because the latter doesn't exist [] []
[2017-06-04 02:50:06] main.CRITICAL: Broken reference: the 'content' element cannot be added as child to 'main', because the latter doesn't exist [] []
[2017-06-04 02:50:06] main.CRITICAL: Broken reference: the 'content.aside' element cannot be added as child to 'main', because the latter doesn't exist [] []
[2017-06-04 02:50:06] main.CRITICAL: Broken reference: the 'content.bottom' element cannot be added as child to 'main', because the latter doesn't exist [] []
[2017-06-04 02:50:06] main.CRITICAL: Broken reference: the 'page.bottom' element cannot be added as child to 'page.bottom.container', because the latter doesn't exist [] []
[2017-06-04 02:50:06] main.CRITICAL: Broken reference: the 'footer' element cannot be added as child to 'footer-container', because the latter doesn't exist [] []
[2017-06-04 02:50:06] main.CRITICAL: Broken reference: the 'absolute_footer' element cannot be added as child to 'before.body.end', because the latter doesn't exist [] []
[2017-06-04 02:50:06] main.CRITICAL: Broken reference: the 'catalog.compare.sidebar' element cannot be added as child to 'sidebar.additional', because the latter doesn't exist [] []
[2017-06-04 02:50:06] main.CRITICAL: Broken reference: the 'cookie_notices' element cannot be added as child to 'after.body.start', because the latter doesn't exist [] []
[2017-06-04 02:50:06] main.CRITICAL: Broken reference: the 'sale.reorder.sidebar' element cannot be added as child to 'sidebar.additional', because the latter doesn't exist [] []
[2017-06-04 02:50:06] main.CRITICAL: Broken reference: the 'google_analytics' element cannot be added as child to 'after.body.start', because the latter doesn't exist [] []
[2017-06-04 02:50:06] main.CRITICAL: Broken reference: the 'logger' element cannot be added as child to 'after.body.start', because the latter doesn't exist [] []
[2017-06-04 02:50:06] main.CRITICAL: Broken reference: the 'paypal.express-in-context.component' element cannot be added as child to 'after.body.start', because the latter doesn't exist [] []
[2017-06-04 02:50:06] main.CRITICAL: Broken reference: the 'wishlist_sidebar' element cannot be added as child to 'sidebar.additional', because the latter doesn't exist [] []
[2017-06-04 02:50:06] main.CRITICAL: Broken reference: the 'header.panel.wrapper' tries to reorder itself towards '', but their parents are different: 'header.container' and '' respectively. [] []
[2017-06-04 02:50:06] main.CRITICAL: Broken reference: the 'skip_to_content.target' tries to reorder itself towards '', but their parents are different: 'main.content' and '' respectively. [] []
[2017-06-04 02:50:06] main.CRITICAL: Broken reference: the 'navigation.sections' tries to reorder itself towards '', but their parents are different: 'page.top' and '' respectively. [] []
[2017-06-04 02:50:06] main.CRITICAL: Broken reference: the 'cookie_notices' tries to reorder itself towards 'global_notices', but their parents are different: 'after.body.start' and '' respectively. [] []
[2017-06-04 02:50:06] main.CRITICAL: Broken reference: No element found with ID 'before.body.end'. [] []
[2017-06-04 02:50:08] main.INFO: Cache file with merged layout: LAYOUT_frontend_STORE1_2cf9ab1b1723bedc1dcd665a812b00335 and handles admin-1column: Please correct the XML data and try again.  [] []
[2017-06-04 02:50:08] main.CRITICAL: Broken reference: the 'header.panel.wrapper' element cannot be added as child to 'header.container', because the latter doesn't exist [] []
[2017-06-04 02:50:08] main.CRITICAL: Broken reference: the 'head.components' element cannot be added as child to 'after.body.start', because the latter doesn't exist [] []
[2017-06-04 02:50:08] main.CRITICAL: Broken reference: the 'requirejs-config' element cannot be added as child to 'after.body.start', because the latter doesn't exist [] []
[2017-06-04 02:50:08] main.CRITICAL: Broken reference: the 'translate-config' element cannot be added as child to 'after.body.start', because the latter doesn't exist [] []
[2017-06-04 02:50:08] main.CRITICAL: Broken reference: the 'translate' element cannot be added as child to 'after.body.start', because the latter doesn't exist [] []
[2017-06-04 02:50:08] main.CRITICAL: Broken reference: the 'js_cookies' element cannot be added as child to 'after.body.start', because the latter doesn't exist [] []
[2017-06-04 02:50:08] main.CRITICAL: Broken reference: the 'global_notices' element cannot be added as child to 'after.body.start', because the latter doesn't exist [] []
[2017-06-04 02:50:08] main.CRITICAL: Broken reference: the 'skip_to_content.target' element cannot be added as child to 'main.content', because the latter doesn't exist [] []
[2017-06-04 02:50:08] main.CRITICAL: Broken reference: the 'header-wrapper' element cannot be added as child to 'header.container', because the latter doesn't exist [] []
[2017-06-04 02:50:08] main.CRITICAL: Broken reference: the 'navigation.sections' element cannot be added as child to 'page.top', because the latter doesn't exist [] []
[2017-06-04 02:50:08] main.CRITICAL: Broken reference: the 'top.container' element cannot be added as child to 'page.top', because the latter doesn't exist [] []
[2017-06-04 02:50:08] main.CRITICAL: Broken reference: the 'breadcrumbs' element cannot be added as child to 'page.top', because the latter doesn't exist [] []
[2017-06-04 02:50:08] main.CRITICAL: Broken reference: the 'page.main.title' element cannot be added as child to 'columns.top', because the latter doesn't exist [] []
[2017-06-04 02:50:08] main.CRITICAL: Broken reference: the 'page.messages' element cannot be added as child to 'columns.top', because the latter doesn't exist [] []
[2017-06-04 02:50:08] main.CRITICAL: Broken reference: the 'content.top' element cannot be added as child to 'main', because the latter doesn't exist [] []
[2017-06-04 02:50:08] main.CRITICAL: Broken reference: the 'content' element cannot be added as child to 'main', because the latter doesn't exist [] []
[2017-06-04 02:50:08] main.CRITICAL: Broken reference: the 'content.aside' element cannot be added as child to 'main', because the latter doesn't exist [] []
[2017-06-04 02:50:08] main.CRITICAL: Broken reference: the 'content.bottom' element cannot be added as child to 'main', because the latter doesn't exist [] []
[2017-06-04 02:50:08] main.CRITICAL: Broken reference: the 'page.bottom' element cannot be added as child to 'page.bottom.container', because the latter doesn't exist [] []
[2017-06-04 02:50:08] main.CRITICAL: Broken reference: the 'footer' element cannot be added as child to 'footer-container', because the latter doesn't exist [] []
[2017-06-04 02:50:08] main.CRITICAL: Broken reference: the 'absolute_footer' element cannot be added as child to 'before.body.end', because the latter doesn't exist [] []
[2017-06-04 02:50:08] main.CRITICAL: Broken reference: the 'catalog.compare.sidebar' element cannot be added as child to 'sidebar.additional', because the latter doesn't exist [] []
[2017-06-04 02:50:08] main.CRITICAL: Broken reference: the 'cookie_notices' element cannot be added as child to 'after.body.start', because the latter doesn't exist [] []
[2017-06-04 02:50:08] main.CRITICAL: Broken reference: the 'sale.reorder.sidebar' element cannot be added as child to 'sidebar.additional', because the latter doesn't exist [] []
[2017-06-04 02:50:08] main.CRITICAL: Broken reference: the 'google_analytics' element cannot be added as child to 'after.body.start', because the latter doesn't exist [] []
[2017-06-04 02:50:08] main.CRITICAL: Broken reference: the 'logger' element cannot be added as child to 'after.body.start', because the latter doesn't exist [] []
[2017-06-04 02:50:08] main.CRITICAL: Broken reference: the 'paypal.express-in-context.component' element cannot be added as child to 'after.body.start', because the latter doesn't exist [] []
[2017-06-04 02:50:08] main.CRITICAL: Broken reference: the 'wishlist_sidebar' element cannot be added as child to 'sidebar.additional', because the latter doesn't exist [] []
[2017-06-04 02:50:08] main.CRITICAL: Broken reference: the 'header.panel.wrapper' tries to reorder itself towards '', but their parents are different: 'header.container' and '' respectively. [] []
[2017-06-04 02:50:08] main.CRITICAL: Broken reference: the 'skip_to_content.target' tries to reorder itself towards '', but their parents are different: 'main.content' and '' respectively. [] []
[2017-06-04 02:50:08] main.CRITICAL: Broken reference: the 'navigation.sections' tries to reorder itself towards '', but their parents are different: 'page.top' and '' respectively. [] []
[2017-06-04 02:50:08] main.CRITICAL: Broken reference: the 'cookie_notices' tries to reorder itself towards 'global_notices', but their parents are different: 'after.body.start' and '' respectively. [] []
[2017-06-04 02:50:08] main.CRITICAL: Broken reference: No element found with ID 'before.body.end'. [] []
[2017-06-04 02:50:24] main.INFO: Cache file with merged layout: LAYOUT_frontend_STORE1_2cf9ab1b1723bedc1dcd665a812b00335 and handles admin-1column: Please correct the XML data and try again.  [] []
[2017-06-04 02:50:24] main.CRITICAL: Broken reference: the 'header.panel.wrapper' element cannot be added as child to 'header.container', because the latter doesn't exist [] []
[2017-06-04 02:50:24] main.CRITICAL: Broken reference: the 'head.components' element cannot be added as child to 'after.body.start', because the latter doesn't exist [] []
[2017-06-04 02:50:24] main.CRITICAL: Broken reference: the 'requirejs-config' element cannot be added as child to 'after.body.start', because the latter doesn't exist [] []
[2017-06-04 02:50:24] main.CRITICAL: Broken reference: the 'translate-config' element cannot be added as child to 'after.body.start', because the latter doesn't exist [] []
[2017-06-04 02:50:24] main.CRITICAL: Broken reference: the 'translate' element cannot be added as child to 'after.body.start', because the latter doesn't exist [] []
[2017-06-04 02:50:24] main.CRITICAL: Broken reference: the 'js_cookies' element cannot be added as child to 'after.body.start', because the latter doesn't exist [] []
[2017-06-04 02:50:24] main.CRITICAL: Broken reference: the 'global_notices' element cannot be added as child to 'after.body.start', because the latter doesn't exist [] []
[2017-06-04 02:50:24] main.CRITICAL: Broken reference: the 'skip_to_content.target' element cannot be added as child to 'main.content', because the latter doesn't exist [] []
[2017-06-04 02:50:24] main.CRITICAL: Broken reference: the 'header-wrapper' element cannot be added as child to 'header.container', because the latter doesn't exist [] []
[2017-06-04 02:50:24] main.CRITICAL: Broken reference: the 'navigation.sections' element cannot be added as child to 'page.top', because the latter doesn't exist [] []
[2017-06-04 02:50:24] main.CRITICAL: Broken reference: the 'top.container' element cannot be added as child to 'page.top', because the latter doesn't exist [] []
[2017-06-04 02:50:24] main.CRITICAL: Broken reference: the 'breadcrumbs' element cannot be added as child to 'page.top', because the latter doesn't exist [] []
[2017-06-04 02:50:24] main.CRITICAL: Broken reference: the 'page.main.title' element cannot be added as child to 'columns.top', because the latter doesn't exist [] []
[2017-06-04 02:50:24] main.CRITICAL: Broken reference: the 'page.messages' element cannot be added as child to 'columns.top', because the latter doesn't exist [] []
[2017-06-04 02:50:24] main.CRITICAL: Broken reference: the 'content.top' element cannot be added as child to 'main', because the latter doesn't exist [] []
[2017-06-04 02:50:24] main.CRITICAL: Broken reference: the 'content' element cannot be added as child to 'main', because the latter doesn't exist [] []
[2017-06-04 02:50:24] main.CRITICAL: Broken reference: the 'content.aside' element cannot be added as child to 'main', because the latter doesn't exist [] []
[2017-06-04 02:50:24] main.CRITICAL: Broken reference: the 'content.bottom' element cannot be added as child to 'main', because the latter doesn't exist [] []
[2017-06-04 02:50:24] main.CRITICAL: Broken reference: the 'page.bottom' element cannot be added as child to 'page.bottom.container', because the latter doesn't exist [] []
[2017-06-04 02:50:24] main.CRITICAL: Broken reference: the 'footer' element cannot be added as child to 'footer-container', because the latter doesn't exist [] []
[2017-06-04 02:50:24] main.CRITICAL: Broken reference: the 'absolute_footer' element cannot be added as child to 'before.body.end', because the latter doesn't exist [] []
[2017-06-04 02:50:24] main.CRITICAL: Broken reference: the 'catalog.compare.sidebar' element cannot be added as child to 'sidebar.additional', because the latter doesn't exist [] []
[2017-06-04 02:50:24] main.CRITICAL: Broken reference: the 'cookie_notices' element cannot be added as child to 'after.body.start', because the latter doesn't exist [] []
[2017-06-04 02:50:24] main.CRITICAL: Broken reference: the 'sale.reorder.sidebar' element cannot be added as child to 'sidebar.additional', because the latter doesn't exist [] []
[2017-06-04 02:50:24] main.CRITICAL: Broken reference: the 'google_analytics' element cannot be added as child to 'after.body.start', because the latter doesn't exist [] []
[2017-06-04 02:50:24] main.CRITICAL: Broken reference: the 'logger' element cannot be added as child to 'after.body.start', because the latter doesn't exist [] []
[2017-06-04 02:50:24] main.CRITICAL: Broken reference: the 'paypal.express-in-context.component' element cannot be added as child to 'after.body.start', because the latter doesn't exist [] []
[2017-06-04 02:50:24] main.CRITICAL: Broken reference: the 'wishlist_sidebar' element cannot be added as child to 'sidebar.additional', because the latter doesn't exist [] []
[2017-06-04 02:50:24] main.CRITICAL: Broken reference: the 'header.panel.wrapper' tries to reorder itself towards '', but their parents are different: 'header.container' and '' respectively. [] []
[2017-06-04 02:50:24] main.CRITICAL: Broken reference: the 'skip_to_content.target' tries to reorder itself towards '', but their parents are different: 'main.content' and '' respectively. [] []
[2017-06-04 02:50:24] main.CRITICAL: Broken reference: the 'navigation.sections' tries to reorder itself towards '', but their parents are different: 'page.top' and '' respectively. [] []
[2017-06-04 02:50:24] main.CRITICAL: Broken reference: the 'cookie_notices' tries to reorder itself towards 'global_notices', but their parents are different: 'after.body.start' and '' respectively. [] []
[2017-06-04 02:50:24] main.CRITICAL: Broken reference: No element found with ID 'before.body.end'. [] []
[2017-06-04 02:51:38] main.INFO: Theme layout update file '/var/www/html/MercadoVirtual/app/code/Ptaang/Seller/view/frontend/layout/seller_account_newproduct.xml' is not valid.
Opening and ending tag mismatch: block line 20 and referenceContainer
 Line: 54
Opening and ending tag mismatch: referenceContainer line 19 and body
 Line: 55
Opening and ending tag mismatch: body line 10 and page
 Line: 56
Premature end of data in tag page line 8
 Line: 57 [] []
[2017-06-04 02:51:38] main.INFO: Cache file with merged layout: LAYOUT_frontend_STORE1_210dd5b90d77a43040df76f9a5251df7f and handles default, seller_account_newproduct: Please correct the XML data and try again.  [] []
[2017-06-04 02:51:38] main.INFO: Cache file with merged layout: LAYOUT_frontend_STORE1_2cf9ab1b1723bedc1dcd665a812b00335 and handles admin-1column: Please correct the XML data and try again.  [] []
[2017-06-04 02:51:38] main.CRITICAL: Broken reference: the 'header.panel.wrapper' element cannot be added as child to 'header.container', because the latter doesn't exist [] []
[2017-06-04 02:51:38] main.CRITICAL: Broken reference: the 'head.components' element cannot be added as child to 'after.body.start', because the latter doesn't exist [] []
[2017-06-04 02:51:38] main.CRITICAL: Broken reference: the 'requirejs-config' element cannot be added as child to 'after.body.start', because the latter doesn't exist [] []
[2017-06-04 02:51:38] main.CRITICAL: Broken reference: the 'translate-config' element cannot be added as child to 'after.body.start', because the latter doesn't exist [] []
[2017-06-04 02:51:38] main.CRITICAL: Broken reference: the 'translate' element cannot be added as child to 'after.body.start', because the latter doesn't exist [] []
[2017-06-04 02:51:38] main.CRITICAL: Broken reference: the 'js_cookies' element cannot be added as child to 'after.body.start', because the latter doesn't exist [] []
[2017-06-04 02:51:38] main.CRITICAL: Broken reference: the 'global_notices' element cannot be added as child to 'after.body.start', because the latter doesn't exist [] []
[2017-06-04 02:51:38] main.CRITICAL: Broken reference: the 'skip_to_content.target' element cannot be added as child to 'main.content', because the latter doesn't exist [] []
[2017-06-04 02:51:38] main.CRITICAL: Broken reference: the 'header-wrapper' element cannot be added as child to 'header.container', because the latter doesn't exist [] []
[2017-06-04 02:51:38] main.CRITICAL: Broken reference: the 'navigation.sections' element cannot be added as child to 'page.top', because the latter doesn't exist [] []
[2017-06-04 02:51:38] main.CRITICAL: Broken reference: the 'top.container' element cannot be added as child to 'page.top', because the latter doesn't exist [] []
[2017-06-04 02:51:38] main.CRITICAL: Broken reference: the 'breadcrumbs' element cannot be added as child to 'page.top', because the latter doesn't exist [] []
[2017-06-04 02:51:38] main.CRITICAL: Broken reference: the 'page.main.title' element cannot be added as child to 'columns.top', because the latter doesn't exist [] []
[2017-06-04 02:51:38] main.CRITICAL: Broken reference: the 'page.messages' element cannot be added as child to 'columns.top', because the latter doesn't exist [] []
[2017-06-04 02:51:38] main.CRITICAL: Broken reference: the 'content.top' element cannot be added as child to 'main', because the latter doesn't exist [] []
[2017-06-04 02:51:38] main.CRITICAL: Broken reference: the 'content' element cannot be added as child to 'main', because the latter doesn't exist [] []
[2017-06-04 02:51:38] main.CRITICAL: Broken reference: the 'content.aside' element cannot be added as child to 'main', because the latter doesn't exist [] []
[2017-06-04 02:51:38] main.CRITICAL: Broken reference: the 'content.bottom' element cannot be added as child to 'main', because the latter doesn't exist [] []
[2017-06-04 02:51:38] main.CRITICAL: Broken reference: the 'page.bottom' element cannot be added as child to 'page.bottom.container', because the latter doesn't exist [] []
[2017-06-04 02:51:38] main.CRITICAL: Broken reference: the 'footer' element cannot be added as child to 'footer-container', because the latter doesn't exist [] []
[2017-06-04 02:51:38] main.CRITICAL: Broken reference: the 'absolute_footer' element cannot be added as child to 'before.body.end', because the latter doesn't exist [] []
[2017-06-04 02:51:38] main.CRITICAL: Broken reference: the 'catalog.compare.sidebar' element cannot be added as child to 'sidebar.additional', because the latter doesn't exist [] []
[2017-06-04 02:51:38] main.CRITICAL: Broken reference: the 'cookie_notices' element cannot be added as child to 'after.body.start', because the latter doesn't exist [] []
[2017-06-04 02:51:38] main.CRITICAL: Broken reference: the 'sale.reorder.sidebar' element cannot be added as child to 'sidebar.additional', because the latter doesn't exist [] []
[2017-06-04 02:51:38] main.CRITICAL: Broken reference: the 'google_analytics' element cannot be added as child to 'after.body.start', because the latter doesn't exist [] []
[2017-06-04 02:51:38] main.CRITICAL: Broken reference: the 'logger' element cannot be added as child to 'after.body.start', because the latter doesn't exist [] []
[2017-06-04 02:51:38] main.CRITICAL: Broken reference: the 'paypal.express-in-context.component' element cannot be added as child to 'after.body.start', because the latter doesn't exist [] []
[2017-06-04 02:51:38] main.CRITICAL: Broken reference: the 'wishlist_sidebar' element cannot be added as child to 'sidebar.additional', because the latter doesn't exist [] []
[2017-06-04 02:51:38] main.CRITICAL: Broken reference: the 'header.panel.wrapper' tries to reorder itself towards '', but their parents are different: 'header.container' and '' respectively. [] []
[2017-06-04 02:51:38] main.CRITICAL: Broken reference: the 'skip_to_content.target' tries to reorder itself towards '', but their parents are different: 'main.content' and '' respectively. [] []
[2017-06-04 02:51:38] main.CRITICAL: Broken reference: the 'navigation.sections' tries to reorder itself towards '', but their parents are different: 'page.top' and '' respectively. [] []
[2017-06-04 02:51:38] main.CRITICAL: Broken reference: the 'cookie_notices' tries to reorder itself towards 'global_notices', but their parents are different: 'after.body.start' and '' respectively. [] []
[2017-06-04 02:51:38] main.CRITICAL: Broken reference: No element found with ID 'before.body.end'. [] []
[2017-06-04 02:51:38] main.INFO: Cache file with merged layout: LAYOUT_frontend_STORE1_26f1b068ec7ccf4878f9284dd1137afd1 and handles catalog_product_prices: Please correct the XML data and try again.  [] []
[2017-06-04 02:52:59] main.INFO: Cache file with merged layout: LAYOUT_frontend_STORE1_210dd5b90d77a43040df76f9a5251df7f and handles default, seller_account_newproduct: Please correct the XML data and try again.  [] []
[2017-06-04 02:52:59] main.INFO: Cache file with merged layout: LAYOUT_frontend_STORE1_2a7ccd8094436548b564a588f6303121c and handles 2columns-left: Please correct the XML data and try again.  [] []
[2017-06-04 02:52:59] main.CRITICAL: Class Ptaang\Seller\Block\Form\Fieldset\image does not exist [] []
[2017-06-04 02:54:09] main.INFO: Cache file with merged layout: LAYOUT_frontend_STORE1_210dd5b90d77a43040df76f9a5251df7f and handles default, seller_account_newproduct: Please correct the XML data and try again.  [] []
[2017-06-04 02:54:09] main.INFO: Cache file with merged layout: LAYOUT_frontend_STORE1_2a7ccd8094436548b564a588f6303121c and handles 2columns-left: Please correct the XML data and try again.  [] []
[2017-06-04 02:54:09] main.INFO: Cache file with merged layout: LAYOUT_frontend_STORE1_26f1b068ec7ccf4878f9284dd1137afd1 and handles catalog_product_prices: Please correct the XML data and try again.  [] []
[2017-06-04 02:55:12] main.INFO: Cache file with merged layout: LAYOUT_frontend_STORE1_210dd5b90d77a43040df76f9a5251df7f and handles default, seller_account_newproduct: Please correct the XML data and try again.  [] []
[2017-06-04 02:55:12] main.INFO: Cache file with merged layout: LAYOUT_frontend_STORE1_2a7ccd8094436548b564a588f6303121c and handles 2columns-left: Please correct the XML data and try again.  [] []
[2017-06-04 02:55:12] main.INFO: Cache file with merged layout: LAYOUT_frontend_STORE1_26f1b068ec7ccf4878f9284dd1137afd1 and handles catalog_product_prices: Please correct the XML data and try again.  [] []
[2017-06-04 02:56:12] main.INFO: Cache file with merged layout: LAYOUT_frontend_STORE1_210dd5b90d77a43040df76f9a5251df7f and handles default, seller_account_newproduct: Please correct the XML data and try again.  [] []
[2017-06-04 02:56:12] main.INFO: Cache file with merged layout: LAYOUT_frontend_STORE1_2a7ccd8094436548b564a588f6303121c and handles 2columns-left: Please correct the XML data and try again.  [] []
[2017-06-04 02:56:12] main.INFO: Cache file with merged layout: LAYOUT_frontend_STORE1_26f1b068ec7ccf4878f9284dd1137afd1 and handles catalog_product_prices: Please correct the XML data and try again.  [] []
[2017-06-04 03:06:48] main.INFO: Cache file with merged layout: LAYOUT_frontend_STORE1_210dd5b90d77a43040df76f9a5251df7f and handles default, seller_account_newproduct: Please correct the XML data and try again.  [] []
[2017-06-04 03:06:48] main.INFO: Cache file with merged layout: LAYOUT_frontend_STORE1_2a7ccd8094436548b564a588f6303121c and handles 2columns-left: Please correct the XML data and try again.  [] []
[2017-06-04 03:06:48] main.INFO: Cache file with merged layout: LAYOUT_frontend_STORE1_26f1b068ec7ccf4878f9284dd1137afd1 and handles catalog_product_prices: Please correct the XML data and try again.  [] []
[2017-06-04 03:07:18] main.INFO: Cache file with merged layout: LAYOUT_frontend_STORE1_210dd5b90d77a43040df76f9a5251df7f and handles default, seller_account_newproduct: Please correct the XML data and try again.  [] []
[2017-06-04 03:07:18] main.INFO: Cache file with merged layout: LAYOUT_frontend_STORE1_2a7ccd8094436548b564a588f6303121c and handles 2columns-left: Please correct the XML data and try again.  [] []
[2017-06-04 03:07:19] main.INFO: Cache file with merged layout: LAYOUT_frontend_STORE1_26f1b068ec7ccf4878f9284dd1137afd1 and handles catalog_product_prices: Please correct the XML data and try again.  [] []
[2017-06-04 03:07:24] main.INFO: Cache file with merged layout: LAYOUT_frontend_STORE1_2d41d8cd98f00b204e9800998ecf8427e and handles : Please correct the XML data and try again.  [] []
[2017-06-04 03:07:25] main.INFO: Cache file with merged layout: LAYOUT_frontend_STORE1_2d41d8cd98f00b204e9800998ecf8427e and handles : Please correct the XML data and try again.  [] []
[2017-06-04 03:07:28] main.INFO: Cache file with merged layout: LAYOUT_frontend_STORE1_2c7461af04bb11fe209659d7147d2c579 and handles default, cms_index_index, cms_page_view, cms_index_index_id_home: Please correct the XML data and try again.  [] []
[2017-06-04 03:07:28] main.INFO: Cache file with merged layout: LAYOUT_frontend_STORE1_20a98983867a1770682b48d9a0ad63441 and handles 1column: Please correct the XML data and try again.  [] []
[2017-06-04 03:07:28] main.CRITICAL: Broken reference: the 'catalog.compare.sidebar' element cannot be added as child to 'sidebar.additional', because the latter doesn't exist [] []
[2017-06-04 03:07:28] main.CRITICAL: Broken reference: the 'sale.reorder.sidebar' element cannot be added as child to 'sidebar.additional', because the latter doesn't exist [] []
[2017-06-04 03:07:28] main.CRITICAL: Broken reference: the 'wishlist_sidebar' element cannot be added as child to 'sidebar.additional', because the latter doesn't exist [] []
[2017-06-04 03:07:28] main.CRITICAL: Broken reference: the 'paypal.partner.right.logo' element cannot be added as child to 'sidebar.additional', because the latter doesn't exist [] []
[2017-06-04 03:07:28] main.CRITICAL: Broken reference: the 'bml.right.logo' element cannot be added as child to 'sidebar.additional', because the latter doesn't exist [] []
[2017-06-04 03:07:33] main.INFO: Cache file with merged layout: LAYOUT_frontend_STORE1_2115018a2a7e97323f8ae1fc511009f51 and handles default, customer_account_index: Please correct the XML data and try again.  [] []
[2017-06-04 03:07:33] main.CRITICAL: Broken reference: the 'customer_account_dashboard_top' tries to reorder itself towards 'customer_account_dashboard_hello', but their parents are different: 'content' and '' respectively. [] []
[2017-06-04 03:16:43] main.INFO: Cache file with merged layout: LAYOUT_frontend_STORE1_2999a55d7d9f00b9a016b5e16762ce70a and handles default, customer_account_login: Please correct the XML data and try again.  [] []
[2017-06-04 03:16:43] main.CRITICAL: Broken reference: the 'catalog.compare.sidebar' element cannot be added as child to 'sidebar.additional', because the latter doesn't exist [] []
[2017-06-04 03:16:43] main.CRITICAL: Broken reference: the 'sale.reorder.sidebar' element cannot be added as child to 'sidebar.additional', because the latter doesn't exist [] []
[2017-06-04 03:16:43] main.CRITICAL: Broken reference: the 'wishlist_sidebar' element cannot be added as child to 'sidebar.additional', because the latter doesn't exist [] []
[2017-06-04 03:16:46] main.INFO: Cache file with merged layout: LAYOUT_frontend_STORE1_2d41d8cd98f00b204e9800998ecf8427e and handles : Please correct the XML data and try again.  [] []
[2017-06-04 03:16:46] main.INFO: Cache file with merged layout: LAYOUT_frontend_STORE1_2d41d8cd98f00b204e9800998ecf8427e and handles : Please correct the XML data and try again.  [] []
[2017-06-04 03:16:53] main.CRITICAL: Broken reference: the 'catalog.compare.sidebar' element cannot be added as child to 'sidebar.additional', because the latter doesn't exist [] []
[2017-06-04 03:16:53] main.CRITICAL: Broken reference: the 'sale.reorder.sidebar' element cannot be added as child to 'sidebar.additional', because the latter doesn't exist [] []
[2017-06-04 03:16:53] main.CRITICAL: Broken reference: the 'wishlist_sidebar' element cannot be added as child to 'sidebar.additional', because the latter doesn't exist [] []
[2017-06-04 03:16:54] main.INFO: Cache file with merged layout: LAYOUT_frontend_STORE1_2d41d8cd98f00b204e9800998ecf8427e and handles : Please correct the XML data and try again.  [] []
[2017-06-04 03:16:55] main.INFO: Cache file with merged layout: LAYOUT_frontend_STORE1_2d41d8cd98f00b204e9800998ecf8427e and handles : Please correct the XML data and try again.  [] []
[2017-06-04 03:17:00] main.INFO: Cache file with merged layout: LAYOUT_frontend_STORE1_2d41d8cd98f00b204e9800998ecf8427e and handles : Please correct the XML data and try again.  [] []
[2017-06-04 03:17:01] main.INFO: Cache file with merged layout: LAYOUT_frontend_STORE1_2d41d8cd98f00b204e9800998ecf8427e and handles : Please correct the XML data and try again.  [] []
[2017-06-04 23:30:54] main.CRITICAL: Broken reference: the 'catalog.compare.sidebar' element cannot be added as child to 'sidebar.additional', because the latter doesn't exist [] []
[2017-06-04 23:30:54] main.CRITICAL: Broken reference: the 'sale.reorder.sidebar' element cannot be added as child to 'sidebar.additional', because the latter doesn't exist [] []
[2017-06-04 23:30:54] main.CRITICAL: Broken reference: the 'wishlist_sidebar' element cannot be added as child to 'sidebar.additional', because the latter doesn't exist [] []
[2017-06-04 23:30:54] main.CRITICAL: Broken reference: the 'paypal.partner.right.logo' element cannot be added as child to 'sidebar.additional', because the latter doesn't exist [] []
[2017-06-04 23:30:54] main.CRITICAL: Broken reference: the 'bml.right.logo' element cannot be added as child to 'sidebar.additional', because the latter doesn't exist [] []
[2017-06-04 23:30:57] main.CRITICAL: Broken reference: the 'catalog.compare.sidebar' element cannot be added as child to 'sidebar.additional', because the latter doesn't exist [] []
[2017-06-04 23:30:57] main.CRITICAL: Broken reference: the 'sale.reorder.sidebar' element cannot be added as child to 'sidebar.additional', because the latter doesn't exist [] []
[2017-06-04 23:30:57] main.CRITICAL: Broken reference: the 'wishlist_sidebar' element cannot be added as child to 'sidebar.additional', because the latter doesn't exist [] []
[2017-06-04 23:30:57] main.INFO: Cache file with merged layout: LAYOUT_frontend_STORE1_2d41d8cd98f00b204e9800998ecf8427e and handles : Please correct the XML data and try again.  [] []
[2017-06-04 23:30:57] main.INFO: Cache file with merged layout: LAYOUT_frontend_STORE1_2d41d8cd98f00b204e9800998ecf8427e and handles : Please correct the XML data and try again.  [] []
[2017-06-04 23:30:59] main.INFO: Cache file with merged layout: LAYOUT_frontend_STORE1_2d41d8cd98f00b204e9800998ecf8427e and handles : Please correct the XML data and try again.  [] []
[2017-06-04 23:30:59] main.INFO: Cache file with merged layout: LAYOUT_frontend_STORE1_2d41d8cd98f00b204e9800998ecf8427e and handles : Please correct the XML data and try again.  [] []
[2017-06-04 23:31:07] main.CRITICAL: Broken reference: the 'catalog.compare.sidebar' element cannot be added as child to 'sidebar.additional', because the latter doesn't exist [] []
[2017-06-04 23:31:07] main.CRITICAL: Broken reference: the 'sale.reorder.sidebar' element cannot be added as child to 'sidebar.additional', because the latter doesn't exist [] []
[2017-06-04 23:31:07] main.CRITICAL: Broken reference: the 'wishlist_sidebar' element cannot be added as child to 'sidebar.additional', because the latter doesn't exist [] []
[2017-06-04 23:31:09] main.INFO: Cache file with merged layout: LAYOUT_frontend_STORE1_2d41d8cd98f00b204e9800998ecf8427e and handles : Please correct the XML data and try again.  [] []
[2017-06-04 23:31:09] main.INFO: Cache file with merged layout: LAYOUT_frontend_STORE1_2d41d8cd98f00b204e9800998ecf8427e and handles : Please correct the XML data and try again.  [] []
[2017-06-04 23:31:16] main.CRITICAL: Broken reference: the 'customer_account_dashboard_top' tries to reorder itself towards 'customer_account_dashboard_hello', but their parents are different: 'content' and '' respectively. [] []
[2017-06-04 23:31:17] main.INFO: Cache file with merged layout: LAYOUT_frontend_STORE1_2d41d8cd98f00b204e9800998ecf8427e and handles : Please correct the XML data and try again.  [] []
[2017-06-04 23:31:18] main.INFO: Cache file with merged layout: LAYOUT_frontend_STORE1_2d41d8cd98f00b204e9800998ecf8427e and handles : Please correct the XML data and try again.  [] []
[2017-06-04 23:39:45] main.CRITICAL: Broken reference: the 'catalog.compare.sidebar' element cannot be added as child to 'sidebar.additional', because the latter doesn't exist [] []
[2017-06-04 23:39:45] main.CRITICAL: Broken reference: the 'sale.reorder.sidebar' element cannot be added as child to 'sidebar.additional', because the latter doesn't exist [] []
[2017-06-04 23:39:45] main.CRITICAL: Broken reference: the 'wishlist_sidebar' element cannot be added as child to 'sidebar.additional', because the latter doesn't exist [] []
[2017-06-04 23:39:47] main.INFO: Cache file with merged layout: LAYOUT_frontend_STORE1_2d41d8cd98f00b204e9800998ecf8427e and handles : Please correct the XML data and try again.  [] []
[2017-06-04 23:39:47] main.INFO: Cache file with merged layout: LAYOUT_frontend_STORE1_2d41d8cd98f00b204e9800998ecf8427e and handles : Please correct the XML data and try again.  [] []
[2017-06-04 23:39:58] main.INFO: Cache file with merged layout: LAYOUT_frontend_STORE1_2d41d8cd98f00b204e9800998ecf8427e and handles : Please correct the XML data and try again.  [] []
[2017-06-04 23:39:58] main.INFO: Cache file with merged layout: LAYOUT_frontend_STORE1_2d41d8cd98f00b204e9800998ecf8427e and handles : Please correct the XML data and try again.  [] []
[2017-06-05 00:16:24] main.CRITICAL: Broken reference: the 'catalog.compare.sidebar' element cannot be added as child to 'sidebar.additional', because the latter doesn't exist [] []
[2017-06-05 00:16:24] main.CRITICAL: Broken reference: the 'sale.reorder.sidebar' element cannot be added as child to 'sidebar.additional', because the latter doesn't exist [] []
[2017-06-05 00:16:24] main.CRITICAL: Broken reference: the 'wishlist_sidebar' element cannot be added as child to 'sidebar.additional', because the latter doesn't exist [] []
[2017-06-05 00:19:42] main.CRITICAL: Broken reference: the 'catalog.compare.sidebar' element cannot be added as child to 'sidebar.additional', because the latter doesn't exist [] []
[2017-06-05 00:19:42] main.CRITICAL: Broken reference: the 'sale.reorder.sidebar' element cannot be added as child to 'sidebar.additional', because the latter doesn't exist [] []
[2017-06-05 00:19:42] main.CRITICAL: Broken reference: the 'wishlist_sidebar' element cannot be added as child to 'sidebar.additional', because the latter doesn't exist [] []
[2017-06-05 00:19:57] main.INFO: Cache file with merged layout: LAYOUT_frontend_STORE1_2d41d8cd98f00b204e9800998ecf8427e and handles : Please correct the XML data and try again.  [] []
[2017-06-05 00:19:57] main.INFO: Cache file with merged layout: LAYOUT_frontend_STORE1_2d41d8cd98f00b204e9800998ecf8427e and handles : Please correct the XML data and try again.  [] []
